17:50:00.374 [main] INFO  org.testng.internal.Utils - [TestNG] Time taken by org.testng.internal.ExitCodeListener@3c017078: 1 ms
18:06:04.446 [main] DEBUG org.testng.TestNG - suiteXmlPath: "C:\Users\vsury\OneDrive\Desktop\Java workspace\opencartV101\master.xml"
18:06:04.891 [main] INFO  org.testng.internal.Utils - [TestNG] Running:
  C:\Users\vsury\OneDrive\Desktop\Java workspace\opencartV101\master.xml

18:06:09.115 [main] INFO  testCases.TC001_AccountRegistrationTest - **** Starting TC001_AccountRegistrationTest ****
18:06:10.399 [main] INFO  testCases.TC001_AccountRegistrationTest - Clicked on MyAccount Link
18:06:11.607 [main] INFO  testCases.TC001_AccountRegistrationTest - Clicked on Register Link
18:06:11.673 [main] INFO  testCases.TC001_AccountRegistrationTest - Providing customer details
18:06:15.816 [main] INFO  testCases.TC001_AccountRegistrationTest - Validating expected message
18:06:34.058 [main] DEBUG org.testng.TestNG - suiteXmlPath: "C:\Users\vsury\OneDrive\Desktop\Java workspace\opencartV101\master.xml"
18:06:34.411 [main] INFO  org.testng.internal.Utils - [TestNG] Running:
  C:\Users\vsury\OneDrive\Desktop\Java workspace\opencartV101\master.xml

18:07:31.734 [main] INFO  testCases.TC001_AccountRegistrationTest - **** Starting TC001_AccountRegistrationTest ****
18:07:32.214 [main] INFO  testCases.TC001_AccountRegistrationTest - Clicked on MyAccount Link
18:07:32.929 [main] INFO  testCases.TC001_AccountRegistrationTest - Clicked on Register Link
18:07:33.005 [main] INFO  testCases.TC001_AccountRegistrationTest - Providing customer details
18:07:34.814 [main] INFO  testCases.TC001_AccountRegistrationTest - Validating expected message
18:11:59.138 [main] DEBUG org.testng.TestNG - suiteXmlPath: "C:\Users\vsury\OneDrive\Desktop\Java workspace\opencartV101\crossbrowsertesting.xml"
18:11:59.643 [main] INFO  org.testng.internal.Utils - [TestNG] Running:
  C:\Users\vsury\OneDrive\Desktop\Java workspace\opencartV101\crossbrowsertesting.xml

18:12:02.974 [main] INFO  testCases.TC001_AccountRegistrationTest - **** Starting TC001_AccountRegistrationTest ****
18:12:03.622 [main] INFO  testCases.TC001_AccountRegistrationTest - Clicked on MyAccount Link
18:12:04.291 [main] INFO  testCases.TC001_AccountRegistrationTest - Clicked on Register Link
18:12:04.301 [main] INFO  testCases.TC001_AccountRegistrationTest - Providing customer details
18:12:06.073 [main] INFO  testCases.TC001_AccountRegistrationTest - Validating expected message
18:12:11.297 [main] INFO  testCases.TC001_AccountRegistrationTest - **** Starting TC001_AccountRegistrationTest ****
18:12:11.476 [main] INFO  testCases.TC001_AccountRegistrationTest - Clicked on MyAccount Link
18:12:12.291 [main] INFO  testCases.TC001_AccountRegistrationTest - Clicked on Register Link
18:12:12.291 [main] INFO  testCases.TC001_AccountRegistrationTest - Providing customer details
18:12:13.973 [main] INFO  testCases.TC001_AccountRegistrationTest - Validating expected message
18:12:21.575 [main] INFO  testCases.TC001_AccountRegistrationTest - **** Starting TC001_AccountRegistrationTest ****
18:12:21.818 [main] INFO  testCases.TC001_AccountRegistrationTest - Clicked on MyAccount Link
18:12:22.547 [main] INFO  testCases.TC001_AccountRegistrationTest - Clicked on Register Link
18:12:22.552 [main] INFO  testCases.TC001_AccountRegistrationTest - Providing customer details
18:12:24.660 [main] INFO  testCases.TC001_AccountRegistrationTest - Validating expected message
18:13:01.665 [main] DEBUG org.testng.TestNG - suiteXmlPath: "C:\Users\vsury\OneDrive\Desktop\Java workspace\opencartV101\crossbrowsertesting.xml"
18:13:02.107 [main] INFO  org.testng.internal.Utils - [TestNG] Running:
  C:\Users\vsury\OneDrive\Desktop\Java workspace\opencartV101\crossbrowsertesting.xml

18:13:05.803 [TestNG-tests-1] INFO  testCases.TC001_AccountRegistrationTest - **** Starting TC001_AccountRegistrationTest ****
18:13:05.919 [TestNG-tests-3] INFO  testCases.TC001_AccountRegistrationTest - **** Starting TC001_AccountRegistrationTest ****
18:13:06.176 [TestNG-tests-3] INFO  testCases.TC001_AccountRegistrationTest - Clicked on MyAccount Link
18:13:06.922 [TestNG-tests-3] INFO  testCases.TC001_AccountRegistrationTest - Clicked on Register Link
18:13:06.922 [TestNG-tests-3] INFO  testCases.TC001_AccountRegistrationTest - Providing customer details
18:13:07.028 [TestNG-tests-1] INFO  testCases.TC001_AccountRegistrationTest - Clicked on MyAccount Link
18:13:07.864 [TestNG-tests-1] INFO  testCases.TC001_AccountRegistrationTest - Clicked on Register Link
18:13:07.864 [TestNG-tests-1] INFO  testCases.TC001_AccountRegistrationTest - Providing customer details
18:13:09.503 [TestNG-tests-3] INFO  testCases.TC001_AccountRegistrationTest - Validating expected message
18:13:10.326 [TestNG-tests-1] INFO  testCases.TC001_AccountRegistrationTest - Validating expected message
18:13:11.518 [TestNG-tests-2] INFO  testCases.TC001_AccountRegistrationTest - **** Starting TC001_AccountRegistrationTest ****
